<?xml version="1.0" encoding="UTF-8"?>
<!-- Generated by org.testng.reporters.JUnitReportReporter -->
<testsuite skipped="0" hostname="mounika-PC" name="Test_pack.Test4" tests="1" failures="0" timestamp="04 Jul 2019 06:06:16 GMT" time="22.101" errors="0">
  <testcase name="test2" time="22.101" classname="Test_pack.Test4"/>
</testsuite> <!-- Test_pack.Test4 -->
