<?xml version="1.0" encoding="UTF-8"?>
<!-- Generated by org.testng.reporters.JUnitReportReporter -->
<testsuite skipped="0" hostname="Mounika-PC" name="Test123" tests="1" failures="0" timestamp="2019-09-10T14:46:27 IST" time="0.013" errors="0">
  <testcase name="m1" time="0.013" classname="Test123"/>
</testsuite> <!-- Test123 -->
