<?xml version="1.0" encoding="UTF-8"?>
<!-- Generated by org.testng.reporters.JUnitReportReporter -->
<testsuite skipped="0" hostname="mounika-PC" name="DriverFactory.DriverScript" tests="1" failures="0" timestamp="04 Jul 2019 07:31:54 GMT" time="53.599" errors="0">
  <testcase name="start_Test" time="53.599" classname="DriverFactory.DriverScript"/>
</testsuite> <!-- DriverFactory.DriverScript -->
