<?xml version="1.0" encoding="UTF-8"?>
<!-- Generated by org.testng.reporters.JUnitReportReporter -->
<testsuite skipped="0" hostname="Mounika-PC" name="test12.User" tests="1" failures="0" timestamp="2019-09-11T00:12:28 IST" time="0.007" errors="0">
  <testcase name="Method1" time="0.007" classname="test12.User"/>
</testsuite> <!-- test12.User -->
