<?xml version="1.0" encoding="UTF-8"?>
<!-- Generated by org.testng.reporters.JUnitReportReporter -->
<testsuite skipped="0" hostname="mounika-PC" name="DriverFactory.DriverScript" tests="1" failures="0" timestamp="28 Jun 2019 19:59:28 GMT" time="115.874" errors="0">
  <testcase name="start_Test" time="115.874" classname="DriverFactory.DriverScript"/>
</testsuite> <!-- DriverFactory.DriverScript -->
