<?xml version="1.0" encoding="UTF-8"?>
<!-- Generated by org.testng.reporters.JUnitReportReporter -->
<testsuite skipped="0" hostname="mounika-PC" name="Test123" tests="1" failures="0" timestamp="04 Jul 2019 07:29:40 GMT" time="0.016" errors="0">
  <testcase name="m1" time="0.016" classname="Test123"/>
</testsuite> <!-- Test123 -->
